[EMPRESS] 2025-09-13 19:58:02 — Scanning affiliate feeds...
[EMPRESS] 2025-09-13 19:58:03 — Affiliate scan failed: 404
[EMPRESS] 2025-09-13 19:59:09 — Scanning affiliate feeds...
[EMPRESS] 2025-09-13 19:59:10 — Affiliate scan failed: 404
[EMPRESS] 2025-09-13 20:00:16 — Scanning affiliate feeds...
[EMPRESS] 2025-09-13 20:00:17 — Affiliate scan failed: 404
[EMPRESS] 2025-09-13 20:01:23 — Scanning affiliate feeds...
[EMPRESS] 2025-09-13 20:01:24 — Affiliate scan failed: 404
[EMPRESS] 2025-09-13 20:02:30 — Scanning affiliate feeds...
[EMPRESS] 2025-09-13 20:02:31 — Affiliate scan failed: 404
[EMPRESS] 2025-09-13 20:03:39 — Scanning affiliate feeds...
[EMPRESS] 2025-09-13 20:03:40 — Affiliate scan failed: 404
[EMPRESS] 2025-09-13 20:04:47 — Scanning affiliate feeds...
[EMPRESS] 2025-09-13 20:04:47 — Affiliate scan failed: 404
[EMPRESS] 2025-09-13 20:05:54 — Scanning affiliate feeds...
[EMPRESS] 2025-09-13 20:05:54 — Affiliate scan failed: 404
[EMPRESS] 2025-09-13 20:07:01 — Scanning affiliate feeds...
[EMPRESS] 2025-09-13 20:07:01 — Affiliate scan failed: 404
[EMPRESS] 2025-09-13 20:08:08 — Scanning affiliate feeds...
[EMPRESS] 2025-09-13 20:08:09 — Affiliate scan failed: 404
[EMPRESS] 2025-09-13 20:09:15 — Scanning affiliate feeds...
[EMPRESS] 2025-09-13 20:09:16 — Affiliate scan failed: 404
[EMPRESS] 2025-09-13 20:10:22 — Scanning affiliate feeds...
[EMPRESS] 2025-09-13 20:10:23 — Affiliate scan failed: 404
[EMPRESS] 2025-09-13 20:11:29 — Scanning affiliate feeds...
[EMPRESS] 2025-09-13 20:11:30 — Affiliate scan failed: 429
[EMPRESS] 2025-09-13 20:12:36 — Scanning affiliate feeds...
[EMPRESS] 2025-09-13 20:12:37 — Affiliate scan failed: 404
[EMPRESS] 2025-09-13 20:13:43 — Scanning affiliate feeds...
[EMPRESS] 2025-09-13 20:13:44 — Affiliate scan failed: 404
[EMPRESS] 2025-09-13 20:14:50 — Scanning affiliate feeds...
[EMPRESS] 2025-09-13 20:14:51 — Affiliate scan failed: 404
[EMPRESS] 2025-09-13 20:15:59 — Scanning affiliate feeds...
[EMPRESS] 2025-09-13 20:15:59 — Affiliate scan failed: 404
[EMPRESS] 2025-09-13 20:17:05 — Scanning affiliate feeds...
[EMPRESS] 2025-09-13 20:17:06 — Affiliate scan failed: 404
[EMPRESS] 2025-09-13 20:18:12 — Scanning affiliate feeds...
[EMPRESS] 2025-09-13 20:18:12 — Affiliate scan failed: 404
[EMPRESS] 2025-09-13 20:19:19 — Scanning affiliate feeds...
[EMPRESS] 2025-09-13 20:19:19 — Affiliate scan failed: 404
[EMPRESS] 2025-09-13 20:20:26 — Scanning affiliate feeds...
[EMPRESS] 2025-09-13 20:20:26 — Affiliate scan failed: 429
[EMPRESS] 2025-09-13 20:21:33 — Scanning affiliate feeds...
[EMPRESS] 2025-09-13 20:21:33 — Affiliate scan failed: 404
[EMPRESS] 2025-09-13 20:22:40 — Scanning affiliate feeds...
[EMPRESS] 2025-09-13 20:22:40 — Affiliate scan failed: 404
[EMPRESS] 2025-09-13 20:23:47 — Scanning affiliate feeds...
[EMPRESS] 2025-09-13 20:23:48 — Affiliate scan failed: 404
[EMPRESS] 2025-09-13 20:24:54 — Scanning affiliate feeds...
[EMPRESS] 2025-09-13 20:24:54 — Affiliate scan failed: 404
[EMPRESS] 2025-09-13 20:26:01 — Scanning affiliate feeds...
[EMPRESS] 2025-09-13 20:26:01 — Affiliate scan failed: 404
[EMPRESS] 2025-09-13 20:27:08 — Scanning affiliate feeds...
[EMPRESS] 2025-09-13 20:27:08 — Affiliate scan failed: 404
[EMPRESS] 2025-09-13 20:28:14 — Scanning affiliate feeds...
[EMPRESS] 2025-09-13 20:28:15 — Affiliate scan failed: 404
[EMPRESS] 2025-09-13 20:29:21 — Scanning affiliate feeds...
[EMPRESS] 2025-09-13 20:29:21 — Affiliate scan failed: 404
[EMPRESS] 2025-09-13 20:30:28 — Scanning affiliate feeds...
[EMPRESS] 2025-09-13 20:30:28 — Affiliate scan failed: 404
[EMPRESS] 2025-09-13 20:31:34 — Scanning affiliate feeds...
[EMPRESS] 2025-09-13 20:31:34 — Affiliate scan failed: 404
[EMPRESS] 2025-09-13 20:32:41 — Scanning affiliate feeds...
[EMPRESS] 2025-09-13 20:32:41 — Affiliate scan failed: 404
[EMPRESS] 2025-09-13 20:33:47 — Scanning affiliate feeds...
[EMPRESS] 2025-09-13 20:33:48 — Affiliate scan failed: 404
[EMPRESS] 2025-09-13 20:34:54 — Scanning affiliate feeds...
[EMPRESS] 2025-09-13 20:34:55 — Affiliate scan failed: 404
[EMPRESS] 2025-09-13 20:36:01 — Scanning affiliate feeds...
[EMPRESS] 2025-09-13 20:36:01 — Affiliate scan failed: 404
[EMPRESS] 2025-09-13 20:37:08 — Scanning affiliate feeds...
[EMPRESS] 2025-09-13 20:37:08 — Affiliate scan failed: 404
[EMPRESS] 2025-09-13 20:38:15 — Scanning affiliate feeds...
[EMPRESS] 2025-09-13 20:38:15 — Affiliate scan failed: 404
[EMPRESS] 2025-09-13 20:39:22 — Scanning affiliate feeds...
[EMPRESS] 2025-09-13 20:39:22 — Affiliate scan failed: 404
[EMPRESS] 2025-09-13 20:40:28 — Scanning affiliate feeds...
[EMPRESS] 2025-09-13 20:40:29 — Affiliate scan failed: 404
[EMPRESS] 2025-09-13 20:41:35 — Scanning affiliate feeds...
[EMPRESS] 2025-09-13 20:41:35 — Affiliate scan failed: 404
[EMPRESS] 2025-09-13 20:42:41 — Scanning affiliate feeds...
[EMPRESS] 2025-09-13 20:42:42 — Affiliate scan failed: 404
[EMPRESS] 2025-09-13 20:43:48 — Scanning affiliate feeds...
[EMPRESS] 2025-09-13 20:43:48 — Affiliate scan failed: 404
[EMPRESS] 2025-09-13 20:44:54 — Scanning affiliate feeds...
[EMPRESS] 2025-09-13 20:44:55 — Affiliate scan failed: 404
[EMPRESS] 2025-09-13 20:46:01 — Scanning affiliate feeds...
[EMPRESS] 2025-09-13 20:46:02 — Affiliate scan failed: 404
[EMPRESS] 2025-09-13 20:47:08 — Scanning affiliate feeds...
[EMPRESS] 2025-09-13 20:47:09 — Affiliate scan failed: 404
[EMPRESS] 2025-09-13 20:48:15 — Scanning affiliate feeds...
[EMPRESS] 2025-09-13 20:48:15 — Affiliate scan failed: 404
[EMPRESS] 2025-09-13 20:49:22 — Scanning affiliate feeds...
[EMPRESS] 2025-09-13 20:49:22 — Affiliate scan failed: 404
[EMPRESS] 2025-09-13 20:50:28 — Scanning affiliate feeds...
[EMPRESS] 2025-09-13 20:50:28 — Affiliate scan failed: 404
[EMPRESS] 2025-09-13 20:51:35 — Scanning affiliate feeds...
[EMPRESS] 2025-09-13 20:51:35 — Affiliate scan failed: 404
[EMPRESS] 2025-09-13 20:52:42 — Scanning affiliate feeds...
[EMPRESS] 2025-09-13 20:52:42 — Affiliate scan failed: 404
[EMPRESS] 2025-09-13 20:53:48 — Scanning affiliate feeds...
[EMPRESS] 2025-09-13 20:53:49 — Affiliate scan failed: 404
[EMPRESS] 2025-09-13 20:54:55 — Scanning affiliate feeds...
[EMPRESS] 2025-09-13 20:54:55 — Affiliate scan failed: 404
[EMPRESS] 2025-09-13 20:56:01 — Scanning affiliate feeds...
[EMPRESS] 2025-09-13 20:56:02 — Affiliate scan failed: 404
[EMPRESS] 2025-09-13 20:57:08 — Scanning affiliate feeds...
[EMPRESS] 2025-09-13 20:57:08 — Affiliate scan failed: 404
[EMPRESS] 2025-09-13 20:58:14 — Scanning affiliate feeds...
[EMPRESS] 2025-09-13 20:58:15 — Affiliate scan failed: 404
[EMPRESS] 2025-09-13 20:59:21 — Scanning affiliate feeds...
[EMPRESS] 2025-09-13 20:59:21 — Affiliate scan failed: 404
[EMPRESS] 2025-09-13 21:00:28 — Scanning affiliate feeds...
[EMPRESS] 2025-09-13 21:00:28 — Affiliate scan failed: 404
[EMPRESS] 2025-09-13 21:01:34 — Scanning affiliate feeds...
[EMPRESS] 2025-09-13 21:01:35 — Affiliate scan failed: 404
[EMPRESS] 2025-09-13 21:02:42 — Scanning affiliate feeds...
[EMPRESS] 2025-09-13 21:02:42 — Affiliate scan failed: 404
[EMPRESS] 2025-09-13 21:03:49 — Scanning affiliate feeds...
[EMPRESS] 2025-09-13 21:03:49 — Affiliate scan failed: 404
[EMPRESS] 2025-09-13 21:04:55 — Scanning affiliate feeds...
[EMPRESS] 2025-09-13 21:04:56 — Affiliate scan failed: 404
[EMPRESS] 2025-09-13 21:06:02 — Scanning affiliate feeds...
[EMPRESS] 2025-09-13 21:06:03 — Affiliate scan failed: 404
[EMPRESS] 2025-09-13 21:07:10 — Scanning affiliate feeds...
[EMPRESS] 2025-09-13 21:07:10 — Affiliate scan failed: 404
[EMPRESS] 2025-09-13 21:08:16 — Scanning affiliate feeds...
[EMPRESS] 2025-09-13 21:08:17 — Affiliate scan failed: 404
[EMPRESS] 2025-09-13 21:09:23 — Scanning affiliate feeds...
[EMPRESS] 2025-09-13 21:09:24 — Affiliate scan failed: 404
[EMPRESS] 2025-09-13 21:10:30 — Scanning affiliate feeds...
[EMPRESS] 2025-09-13 21:10:30 — Affiliate scan failed: 404
[EMPRESS] 2025-09-13 21:11:37 — Scanning affiliate feeds...
[EMPRESS] 2025-09-13 21:11:37 — Affiliate scan failed: 404
[EMPRESS] 2025-09-13 21:12:43 — Scanning affiliate feeds...
[EMPRESS] 2025-09-13 21:12:44 — Affiliate scan failed: 404
[EMPRESS] 2025-09-13 21:13:50 — Scanning affiliate feeds...
[EMPRESS] 2025-09-13 21:13:50 — Affiliate scan failed: 404
[EMPRESS] 2025-09-13 21:14:57 — Scanning affiliate feeds...
[EMPRESS] 2025-09-13 21:14:58 — Affiliate scan failed: 404
[EMPRESS] 2025-09-13 21:16:04 — Scanning affiliate feeds...
[EMPRESS] 2025-09-13 21:16:04 — Affiliate scan failed: 404
[EMPRESS] 2025-09-13 21:17:11 — Scanning affiliate feeds...
[EMPRESS] 2025-09-13 21:17:11 — Affiliate scan failed: 404
[EMPRESS] 2025-09-13 21:18:18 — Scanning affiliate feeds...
[EMPRESS] 2025-09-13 21:18:18 — Affiliate scan failed: 404
[EMPRESS] 2025-09-13 21:19:25 — Scanning affiliate feeds...
[EMPRESS] 2025-09-13 21:19:25 — Affiliate scan failed: 404
[EMPRESS] 2025-09-13 21:20:32 — Scanning affiliate feeds...
[EMPRESS] 2025-09-13 21:20:32 — Affiliate scan failed: 404
[EMPRESS] 2025-09-13 21:21:38 — Scanning affiliate feeds...
[EMPRESS] 2025-09-13 21:21:39 — Affiliate scan failed: 404
[EMPRESS] 2025-09-13 21:22:46 — Scanning affiliate feeds...
[EMPRESS] 2025-09-13 21:22:46 — Affiliate scan failed: 404
[EMPRESS] 2025-09-13 21:23:53 — Scanning affiliate feeds...
[EMPRESS] 2025-09-13 21:23:53 — Affiliate scan failed: 404
[EMPRESS] 2025-09-13 21:25:00 — Scanning affiliate feeds...
[EMPRESS] 2025-09-13 21:25:01 — Affiliate scan failed: 404
[EMPRESS] 2025-09-13 21:26:07 — Scanning affiliate feeds...
[EMPRESS] 2025-09-13 21:26:07 — Affiliate scan failed: 404
[EMPRESS] 2025-09-13 21:27:14 — Scanning affiliate feeds...
[EMPRESS] 2025-09-13 21:27:14 — Affiliate scan failed: 404
[EMPRESS] 2025-09-13 21:28:21 — Scanning affiliate feeds...
[EMPRESS] 2025-09-13 21:28:21 — Affiliate scan failed: 404
[EMPRESS] 2025-09-13 21:29:27 — Scanning affiliate feeds...
[EMPRESS] 2025-09-13 21:29:28 — Affiliate scan failed: 404
[EMPRESS] 2025-09-13 21:30:34 — Scanning affiliate feeds...
[EMPRESS] 2025-09-13 21:30:34 — Affiliate scan failed: 404
[EMPRESS] 2025-09-13 21:31:41 — Scanning affiliate feeds...
[EMPRESS] 2025-09-13 21:31:42 — Affiliate scan failed: 404
[EMPRESS] 2025-09-13 21:32:49 — Scanning affiliate feeds...
[EMPRESS] 2025-09-13 21:32:49 — Affiliate scan failed: 404
[EMPRESS] 2025-09-13 21:33:56 — Scanning affiliate feeds...
[EMPRESS] 2025-09-13 21:33:56 — Affiliate scan failed: 404
[EMPRESS] 2025-09-13 21:35:03 — Scanning affiliate feeds...
[EMPRESS] 2025-09-13 21:35:03 — Affiliate scan failed: 404
[EMPRESS] 2025-09-13 21:36:10 — Scanning affiliate feeds...
[EMPRESS] 2025-09-13 21:36:10 — Affiliate scan failed: 404
[EMPRESS] 2025-09-13 21:37:16 — Scanning affiliate feeds...
[EMPRESS] 2025-09-13 21:37:17 — Affiliate scan failed: 404
[EMPRESS] 2025-09-13 21:38:23 — Scanning affiliate feeds...
[EMPRESS] 2025-09-13 21:38:24 — Affiliate scan failed: 404
[EMPRESS] 2025-09-13 21:39:30 — Scanning affiliate feeds...
[EMPRESS] 2025-09-13 21:39:30 — Affiliate scan failed: 404
[EMPRESS] 2025-09-13 21:40:37 — Scanning affiliate feeds...
[EMPRESS] 2025-09-13 21:40:37 — Affiliate scan failed: 404
[EMPRESS] 2025-09-13 21:41:44 — Scanning affiliate feeds...
[EMPRESS] 2025-09-13 21:41:45 — Affiliate scan failed: 404
[EMPRESS] 2025-09-13 21:42:52 — Scanning affiliate feeds...
[EMPRESS] 2025-09-13 21:42:52 — Affiliate scan failed: 404
[EMPRESS] 2025-09-13 21:43:59 — Scanning affiliate feeds...
[EMPRESS] 2025-09-13 21:43:59 — Affiliate scan failed: 404
[EMPRESS] 2025-09-13 21:45:07 — Scanning affiliate feeds...
[EMPRESS] 2025-09-13 21:45:08 — Affiliate scan failed: 404
[EMPRESS] 2025-09-13 21:46:15 — Scanning affiliate feeds...
[EMPRESS] 2025-09-13 21:46:15 — Affiliate scan failed: 404
[EMPRESS] 2025-09-13 21:47:22 — Scanning affiliate feeds...
[EMPRESS] 2025-09-13 21:47:23 — Affiliate scan failed: 404
[EMPRESS] 2025-09-13 21:48:29 — Scanning affiliate feeds...
[EMPRESS] 2025-09-13 21:48:30 — Affiliate scan failed: 404
[EMPRESS] 2025-09-13 21:49:36 — Scanning affiliate feeds...
[EMPRESS] 2025-09-13 21:49:37 — Affiliate scan failed: 404
[EMPRESS] 2025-09-13 21:50:43 — Scanning affiliate feeds...
[EMPRESS] 2025-09-13 21:50:43 — Affiliate scan failed: 404
[EMPRESS] 2025-09-13 21:51:50 — Scanning affiliate feeds...
[EMPRESS] 2025-09-13 21:51:50 — Affiliate scan failed: 404
[EMPRESS] 2025-09-13 21:52:57 — Scanning affiliate feeds...
[EMPRESS] 2025-09-13 21:52:57 — Affiliate scan failed: 404
[EMPRESS] 2025-09-13 21:54:04 — Scanning affiliate feeds...
[EMPRESS] 2025-09-13 21:54:04 — Affiliate scan failed: 404
[EMPRESS] 2025-09-13 21:55:11 — Scanning affiliate feeds...
[EMPRESS] 2025-09-13 21:55:11 — Affiliate scan failed: 404
[EMPRESS] 2025-09-13 21:56:18 — Scanning affiliate feeds...
[EMPRESS] 2025-09-13 21:56:18 — Affiliate scan failed: 404
[EMPRESS] 2025-09-13 21:57:25 — Scanning affiliate feeds...
[EMPRESS] 2025-09-13 21:57:25 — Affiliate scan failed: 404
[EMPRESS] 2025-09-13 21:58:32 — Scanning affiliate feeds...
[EMPRESS] 2025-09-13 21:58:32 — Affiliate scan failed: 404
[EMPRESS] 2025-09-13 21:59:38 — Scanning affiliate feeds...
[EMPRESS] 2025-09-13 21:59:39 — Affiliate scan failed: 404
[EMPRESS] 2025-09-13 22:00:45 — Scanning affiliate feeds...
[EMPRESS] 2025-09-13 22:00:46 — Affiliate scan failed: 404
[EMPRESS] 2025-09-13 22:01:52 — Scanning affiliate feeds...
[EMPRESS] 2025-09-13 22:01:53 — Affiliate scan failed: 404
[EMPRESS] 2025-09-13 22:03:00 — Scanning affiliate feeds...
[EMPRESS] 2025-09-13 22:03:00 — Affiliate scan failed: 404
[EMPRESS] 2025-09-13 22:04:07 — Scanning affiliate feeds...
[EMPRESS] 2025-09-13 22:04:07 — Affiliate scan failed: 404
[EMPRESS] 2025-09-13 22:05:14 — Scanning affiliate feeds...
[EMPRESS] 2025-09-13 22:05:15 — Affiliate scan failed: 404
[EMPRESS] 2025-09-13 22:06:22 — Scanning affiliate feeds...
[EMPRESS] 2025-09-13 22:06:22 — Affiliate scan failed: 404
[EMPRESS] 2025-09-13 22:07:29 — Scanning affiliate feeds...
[EMPRESS] 2025-09-13 22:07:29 — Affiliate scan failed: 404
[EMPRESS] 2025-09-13 22:08:41 — Scanning affiliate feeds...
[EMPRESS] 2025-09-13 22:08:41 — Affiliate scan failed: 404
[EMPRESS] 2025-09-13 22:09:48 — Scanning affiliate feeds...
[EMPRESS] 2025-09-13 22:09:48 — Affiliate scan failed: 404
[EMPRESS] 2025-09-13 22:10:55 — Scanning affiliate feeds...
[EMPRESS] 2025-09-13 22:10:55 — Affiliate scan failed: 404
[EMPRESS] 2025-09-13 22:12:02 — Scanning affiliate feeds...
[EMPRESS] 2025-09-13 22:12:02 — Affiliate scan failed: 404
[EMPRESS] 2025-09-13 22:13:09 — Scanning affiliate feeds...
[EMPRESS] 2025-09-13 22:13:09 — Affiliate scan failed: 404
[EMPRESS] 2025-09-13 22:14:16 — Scanning affiliate feeds...
[EMPRESS] 2025-09-13 22:14:16 — Affiliate scan failed: 404
[EMPRESS] 2025-09-13 22:15:23 — Scanning affiliate feeds...
[EMPRESS] 2025-09-13 22:15:23 — Affiliate scan failed: 404
[EMPRESS] 2025-09-13 22:16:30 — Scanning affiliate feeds...
[EMPRESS] 2025-09-13 22:16:30 — Affiliate scan failed: 404
[EMPRESS] 2025-09-13 22:17:37 — Scanning affiliate feeds...
[EMPRESS] 2025-09-13 22:17:37 — Affiliate scan failed: 404
[EMPRESS] 2025-09-13 22:18:43 — Scanning affiliate feeds...
[EMPRESS] 2025-09-13 22:18:44 — Affiliate scan failed: 404
[EMPRESS] 2025-09-13 22:19:50 — Scanning affiliate feeds...
[EMPRESS] 2025-09-13 22:19:50 — Affiliate scan failed: 404
[EMPRESS] 2025-09-13 22:20:57 — Scanning affiliate feeds...
[EMPRESS] 2025-09-13 22:20:57 — Affiliate scan failed: 404
[EMPRESS] 2025-09-13 22:22:04 — Scanning affiliate feeds...
[EMPRESS] 2025-09-13 22:22:04 — Affiliate scan failed: 404
[EMPRESS] 2025-09-13 22:23:10 — Scanning affiliate feeds...
[EMPRESS] 2025-09-13 22:23:11 — Affiliate scan failed: 404
[EMPRESS] 2025-09-13 22:24:17 — Scanning affiliate feeds...
[EMPRESS] 2025-09-13 22:24:18 — Affiliate scan failed: 404
[EMPRESS] 2025-09-13 22:25:25 — Scanning affiliate feeds...
[EMPRESS] 2025-09-13 22:25:25 — Affiliate scan failed: 404
[EMPRESS] 2025-09-13 22:26:31 — Scanning affiliate feeds...
[EMPRESS] 2025-09-13 22:26:32 — Affiliate scan failed: 404
[EMPRESS] 2025-09-13 22:27:38 — Scanning affiliate feeds...
[EMPRESS] 2025-09-13 22:27:39 — Affiliate scan failed: 404
[EMPRESS] 2025-09-13 22:28:45 — Scanning affiliate feeds...
[EMPRESS] 2025-09-13 22:28:45 — Affiliate scan failed: 404
[EMPRESS] 2025-09-13 22:29:52 — Scanning affiliate feeds...
[EMPRESS] 2025-09-13 22:29:52 — Affiliate scan failed: 404
[EMPRESS] 2025-09-13 22:30:59 — Scanning affiliate feeds...
[EMPRESS] 2025-09-13 22:31:00 — Affiliate scan failed: 404
[EMPRESS] 2025-09-13 22:32:06 — Scanning affiliate feeds...
[EMPRESS] 2025-09-13 22:32:07 — Affiliate scan failed: 404
[EMPRESS] 2025-09-13 22:33:13 — Scanning affiliate feeds...
[EMPRESS] 2025-09-13 22:33:13 — Affiliate scan failed: 404
[EMPRESS] 2025-09-13 22:34:20 — Scanning affiliate feeds...
[EMPRESS] 2025-09-13 22:34:20 — Affiliate scan failed: 404
[EMPRESS] 2025-09-13 22:35:27 — Scanning affiliate feeds...
[EMPRESS] 2025-09-13 22:35:27 — Affiliate scan failed: 404
[EMPRESS] 2025-09-13 22:36:33 — Scanning affiliate feeds...
[EMPRESS] 2025-09-13 22:36:34 — Affiliate scan failed: 404
[EMPRESS] 2025-09-13 22:37:41 — Scanning affiliate feeds...
[EMPRESS] 2025-09-13 22:37:41 — Affiliate scan failed: 404
[EMPRESS] 2025-09-13 22:38:48 — Scanning affiliate feeds...
[EMPRESS] 2025-09-13 22:38:48 — Affiliate scan failed: 404
[EMPRESS] 2025-09-13 22:39:55 — Scanning affiliate feeds...
[EMPRESS] 2025-09-13 22:39:55 — Affiliate scan failed: 404
[EMPRESS] 2025-09-13 22:41:01 — Scanning affiliate feeds...
[EMPRESS] 2025-09-13 22:41:02 — Affiliate scan failed: 404
[EMPRESS] 2025-09-13 22:42:08 — Scanning affiliate feeds...
[EMPRESS] 2025-09-13 22:42:09 — Affiliate scan failed: 404
[EMPRESS] 2025-09-13 22:46:21 — Scanning affiliate feeds...
[EMPRESS] 2025-09-13 22:46:51 — Affiliate scan error: HTTPSConnectionPool(host='api.affiliatenetwork.com', port=443): Max retries exceeded with url: /promos?affiliate_id=PURESTEAM_MUTATION (Caused by SSLError(SSLEOFError(8, '[SSL: UNEXPECTED_EOF_WHILE_READING] EOF occurred in violation of protocol (_ssl.c:1010)')))
[EMPRESS] 2025-09-13 22:49:11 — Scanning affiliate feeds...
[EMPRESS] 2025-09-13 22:49:33 — Affiliate scan failed: 404
[EMPRESS] 2025-09-13 22:51:34 — Scanning affiliate feeds...
[EMPRESS] 2025-09-13 22:51:34 — Affiliate scan failed: 404
[EMPRESS] 2025-09-13 22:52:41 — Scanning affiliate feeds...
[EMPRESS] 2025-09-13 22:52:41 — Affiliate scan failed: 404
[EMPRESS] 2025-09-13 22:53:48 — Scanning affiliate feeds...
[EMPRESS] 2025-09-13 22:53:48 — Affiliate scan failed: 404
[EMPRESS] 2025-09-13 22:54:56 — Scanning affiliate feeds...
[EMPRESS] 2025-09-13 22:54:57 — Affiliate scan failed: 404
[EMPRESS] 2025-09-13 22:56:20 — Scanning affiliate feeds...
[EMPRESS] 2025-09-13 22:56:21 — Affiliate scan failed: 404
[EMPRESS] 2025-09-13 22:57:28 — Scanning affiliate feeds...
[EMPRESS] 2025-09-13 22:57:29 — Affiliate scan failed: 404
[EMPRESS] 2025-09-13 22:58:54 — Scanning affiliate feeds...
[EMPRESS] 2025-09-13 22:58:56 — Affiliate scan failed: 404
[EMPRESS] 2025-09-13 22:59:03 — Scanning affiliate feeds...
[EMPRESS] 2025-09-13 22:59:04 — Affiliate scan failed: 404
[EMPRESS] 2025-09-13 23:00:10 — Scanning affiliate feeds...
[EMPRESS] 2025-09-13 23:00:41 — Affiliate scan error: ('Connection aborted.', RemoteDisconnected('Remote end closed connection without response'))
[EMPRESS] 2025-09-13 23:02:58 — Scanning affiliate feeds...
[EMPRESS] 2025-09-13 23:02:59 — Affiliate scan failed: 404
[EMPRESS] 2025-09-13 23:04:05 — Scanning affiliate feeds...
[EMPRESS] 2025-09-13 23:04:08 — Affiliate scan failed: 404
[EMPRESS] 2025-09-13 23:05:16 — Scanning affiliate feeds...
[EMPRESS] 2025-09-13 23:05:16 — Affiliate scan error: HTTPSConnectionPool(host='api.affiliatenetwork.com', port=443): Max retries exceeded with url: /promos?affiliate_id=PURESTEAM_MUTATION (Caused by NameResolutionError("<urllib3.connection.HTTPSConnection object at 0xafa2e168>: Failed to resolve 'api.affiliatenetwork.com' ([Errno 7] No address associated with hostname)"))
[EMPRESS] 2025-09-13 23:08:56 — Scanning affiliate feeds...
[EMPRESS] 2025-09-13 23:08:59 — Affiliate scan failed: 404
[EMPRESS] 2025-09-13 23:11:55 — Scanning affiliate feeds...
[EMPRESS] 2025-09-13 23:11:55 — Affiliate scan failed: 404
[EMPRESS] 2025-09-13 23:13:10 — Scanning affiliate feeds...
[EMPRESS] 2025-09-13 23:13:41 — Affiliate scan error: HTTPSConnectionPool(host='api.affiliatenetwork.com', port=443): Max retries exceeded with url: /promos?affiliate_id=PURESTEAM_MUTATION (Caused by SSLError(SSLEOFError(8, '[SSL: UNEXPECTED_EOF_WHILE_READING] EOF occurred in violation of protocol (_ssl.c:1010)')))
[EMPRESS] 2025-09-13 23:16:13 — Scanning affiliate feeds...
[EMPRESS] 2025-09-13 23:16:14 — Affiliate scan failed: 404
[EMPRESS] 2025-09-13 23:17:20 — Scanning affiliate feeds...
[EMPRESS] 2025-09-13 23:17:21 — Affiliate scan failed: 404
[EMPRESS] 2025-09-13 23:18:27 — Scanning affiliate feeds...
[EMPRESS] 2025-09-13 23:18:28 — Affiliate scan failed: 404
[EMPRESS] 2025-09-13 23:19:34 — Scanning affiliate feeds...
[EMPRESS] 2025-09-13 23:19:35 — Affiliate scan failed: 404
[EMPRESS] 2025-09-13 23:20:42 — Scanning affiliate feeds...
[EMPRESS] 2025-09-13 23:21:13 — Affiliate scan error: HTTPSConnectionPool(host='api.affiliatenetwork.com', port=443): Max retries exceeded with url: /promos?affiliate_id=PURESTEAM_MUTATION (Caused by SSLError(SSLEOFError(8, '[SSL: UNEXPECTED_EOF_WHILE_READING] EOF occurred in violation of protocol (_ssl.c:1010)')))
[EMPRESS] 2025-09-13 23:24:27 — Scanning affiliate feeds...
[EMPRESS] 2025-09-13 23:24:32 — Affiliate scan failed: 404
[EMPRESS] 2025-09-13 23:25:58 — Scanning affiliate feeds...
[EMPRESS] 2025-09-13 23:25:58 — Affiliate scan failed: 404
[EMPRESS] 2025-09-13 23:27:05 — Scanning affiliate feeds...
[EMPRESS] 2025-09-13 23:27:06 — Affiliate scan failed: 404
[EMPRESS] 2025-09-13 23:28:18 — Scanning affiliate feeds...
[EMPRESS] 2025-09-13 23:28:18 — Affiliate scan failed: 404
[EMPRESS] 2025-09-13 23:29:26 — Scanning affiliate feeds...
[EMPRESS] 2025-09-13 23:29:32 — Affiliate scan failed: 404
[EMPRESS] 2025-09-13 23:30:44 — Scanning affiliate feeds...
[EMPRESS] 2025-09-13 23:31:14 — Affiliate scan failed: 404
[EMPRESS] 2025-09-13 23:32:38 — Scanning affiliate feeds...
[EMPRESS] 2025-09-13 23:33:09 — Affiliate scan error: HTTPSConnectionPool(host='api.affiliatenetwork.com', port=443): Max retries exceeded with url: /promos?affiliate_id=PURESTEAM_MUTATION (Caused by SSLError(SSLEOFError(8, '[SSL: UNEXPECTED_EOF_WHILE_READING] EOF occurred in violation of protocol (_ssl.c:1010)')))
[EMPRESS] 2025-09-13 23:34:15 — Scanning affiliate feeds...
[EMPRESS] 2025-09-13 23:34:16 — Affiliate scan failed: 404
[EMPRESS] 2025-09-13 23:35:22 — Scanning affiliate feeds...
[EMPRESS] 2025-09-13 23:35:23 — Affiliate scan failed: 404
[EMPRESS] 2025-09-13 23:36:29 — Scanning affiliate feeds...
[EMPRESS] 2025-09-13 23:36:29 — Affiliate scan failed: 404
[EMPRESS] 2025-09-13 23:37:36 — Scanning affiliate feeds...
[EMPRESS] 2025-09-13 23:37:46 — Affiliate scan failed: 404
[EMPRESS] 2025-09-13 23:38:53 — Scanning affiliate feeds...
[EMPRESS] 2025-09-13 23:38:57 — Affiliate scan failed: 404
[EMPRESS] 2025-09-13 23:40:04 — Scanning affiliate feeds...
[EMPRESS] 2025-09-13 23:40:05 — Affiliate scan failed: 404
[EMPRESS] 2025-09-13 23:41:13 — Scanning affiliate feeds...
[EMPRESS] 2025-09-13 23:41:43 — Affiliate scan error: HTTPSConnectionPool(host='api.affiliatenetwork.com', port=443): Max retries exceeded with url: /promos?affiliate_id=PURESTEAM_MUTATION (Caused by SSLError(SSLEOFError(8, '[SSL: UNEXPECTED_EOF_WHILE_READING] EOF occurred in violation of protocol (_ssl.c:1010)')))
[EMPRESS] 2025-09-13 23:43:08 — Scanning affiliate feeds...
[EMPRESS] 2025-09-13 23:43:28 — Affiliate scan failed: 429
[EMPRESS] 2025-09-13 23:44:37 — Scanning affiliate feeds...
[EMPRESS] 2025-09-13 23:44:38 — Affiliate scan failed: 404
[EMPRESS] 2025-09-13 23:45:50 — Scanning affiliate feeds...
[EMPRESS] 2025-09-13 23:45:58 — Affiliate scan failed: 404
[EMPRESS] 2025-09-13 23:47:36 — Scanning affiliate feeds...
[EMPRESS] 2025-09-13 23:47:37 — Affiliate scan failed: 404
[EMPRESS] 2025-09-13 23:48:44 — Scanning affiliate feeds...
[EMPRESS] 2025-09-13 23:48:44 — Affiliate scan failed: 404
[EMPRESS] 2025-09-13 23:50:00 — Scanning affiliate feeds...
[EMPRESS] 2025-09-13 23:50:06 — Affiliate scan failed: 429
[EMPRESS] 2025-09-13 23:51:13 — Scanning affiliate feeds...
[EMPRESS] 2025-09-13 23:51:13 — Affiliate scan failed: 429
[EMPRESS] 2025-09-13 23:52:23 — Scanning affiliate feeds...
[EMPRESS] 2025-09-13 23:52:23 — Affiliate scan failed: 404
[EMPRESS] 2025-09-13 23:53:30 — Scanning affiliate feeds...
[EMPRESS] 2025-09-13 23:53:30 — Affiliate scan failed: 404
[EMPRESS] 2025-09-13 23:54:53 — Scanning affiliate feeds...
[EMPRESS] 2025-09-13 23:55:21 — Affiliate scan failed: 404
[EMPRESS] 2025-09-13 23:56:40 — Scanning affiliate feeds...
[EMPRESS] 2025-09-13 23:56:40 — Affiliate scan failed: 404
[EMPRESS] 2025-09-13 23:57:47 — Scanning affiliate feeds...
[EMPRESS] 2025-09-13 23:57:48 — Affiliate scan failed: 404
[EMPRESS] 2025-09-13 23:58:55 — Scanning affiliate feeds...
[EMPRESS] 2025-09-13 23:58:55 — Affiliate scan failed: 404
[EMPRESS] 2025-09-14 00:00:02 — Scanning affiliate feeds...
[EMPRESS] 2025-09-14 00:00:02 — Affiliate scan failed: 429
[EMPRESS] 2025-09-14 00:01:17 — Scanning affiliate feeds...
[EMPRESS] 2025-09-14 00:01:18 — Affiliate scan failed: 404
[EMPRESS] 2025-09-14 00:02:25 — Scanning affiliate feeds...
[EMPRESS] 2025-09-14 00:18:30 — Affiliate scan error: HTTPSConnectionPool(host='api.affiliatenetwork.com', port=443): Read timed out. (read timeout=None)
[EMPRESS] 2025-09-14 00:19:36 — Scanning affiliate feeds...
[EMPRESS] 2025-09-14 00:19:37 — Affiliate scan failed: 404
[EMPRESS] 2025-09-14 00:20:44 — Scanning affiliate feeds...
[EMPRESS] 2025-09-14 00:21:14 — Affiliate scan error: HTTPSConnectionPool(host='api.affiliatenetwork.com', port=443): Max retries exceeded with url: /promos?affiliate_id=PURESTEAM_MUTATION (Caused by SSLError(SSLZeroReturnError(6, 'TLS/SSL connection has been closed (EOF) (_ssl.c:1010)')))
[EMPRESS] 2025-09-14 00:23:23 — Scanning affiliate feeds...
[EMPRESS] 2025-09-14 00:23:24 — Affiliate scan failed: 404
[EMPRESS] 2025-09-14 00:24:31 — Scanning affiliate feeds...
[EMPRESS] 2025-09-14 00:24:31 — Affiliate scan failed: 404
[EMPRESS] 2025-09-14 00:25:38 — Scanning affiliate feeds...
[EMPRESS] 2025-09-14 00:25:38 — Affiliate scan failed: 404
[EMPRESS] 2025-09-14 00:26:45 — Scanning affiliate feeds...
[EMPRESS] 2025-09-14 00:26:45 — Affiliate scan failed: 404
[EMPRESS] 2025-09-14 00:27:56 — Scanning affiliate feeds...
[EMPRESS] 2025-09-14 00:27:56 — Affiliate scan failed: 404
[EMPRESS] 2025-09-14 00:29:04 — Scanning affiliate feeds...
[EMPRESS] 2025-09-14 00:29:05 — Affiliate scan failed: 404
[EMPRESS] 2025-09-14 00:30:12 — Scanning affiliate feeds...
[EMPRESS] 2025-09-14 00:30:13 — Affiliate scan failed: 404
[EMPRESS] 2025-09-14 00:31:22 — Scanning affiliate feeds...
[EMPRESS] 2025-09-14 00:31:23 — Affiliate scan failed: 404
[EMPRESS] 2025-09-14 00:32:31 — Scanning affiliate feeds...
[EMPRESS] 2025-09-14 00:32:32 — Affiliate scan failed: 404
[EMPRESS] 2025-09-14 00:33:39 — Scanning affiliate feeds...
[EMPRESS] 2025-09-14 00:33:40 — Affiliate scan failed: 404
[EMPRESS] 2025-09-14 00:34:47 — Scanning affiliate feeds...
[EMPRESS] 2025-09-14 00:34:48 — Affiliate scan failed: 404
[EMPRESS] 2025-09-14 00:35:55 — Scanning affiliate feeds...
[EMPRESS] 2025-09-14 00:36:28 — Affiliate scan error: HTTPSConnectionPool(host='api.affiliatenetwork.com', port=443): Max retries exceeded with url: /promos?affiliate_id=PURESTEAM_MUTATION (Caused by SSLError(SSLEOFError(8, '[SSL: UNEXPECTED_EOF_WHILE_READING] EOF occurred in violation of protocol (_ssl.c:1010)')))
[EMPRESS] 2025-09-14 00:41:43 — Scanning affiliate feeds...
[EMPRESS] 2025-09-14 00:42:10 — Affiliate scan failed: 404
[EMPRESS] 2025-09-14 00:44:21 — Scanning affiliate feeds...
[EMPRESS] 2025-09-14 00:44:54 — Affiliate scan error: HTTPSConnectionPool(host='api.affiliatenetwork.com', port=443): Max retries exceeded with url: /promos?affiliate_id=PURESTEAM_MUTATION (Caused by SSLError(SSLEOFError(8, '[SSL: UNEXPECTED_EOF_WHILE_READING] EOF occurred in violation of protocol (_ssl.c:1010)')))
[EMPRESS] 2025-09-14 00:47:08 — Scanning affiliate feeds...
[EMPRESS] 2025-09-14 00:48:24 — Affiliate scan error: HTTPSConnectionPool(host='api.affiliatenetwork.com', port=443): Max retries exceeded with url: /promos?affiliate_id=PURESTEAM_MUTATION (Caused by SSLError(SSLEOFError(8, '[SSL: UNEXPECTED_EOF_WHILE_READING] EOF occurred in violation of protocol (_ssl.c:1010)')))
[EMPRESS] 2025-09-14 00:53:00 — Scanning affiliate feeds...
[EMPRESS] 2025-09-14 00:53:00 — Affiliate scan error: HTTPSConnectionPool(host='api.affiliatenetwork.com', port=443): Max retries exceeded with url: /promos?affiliate_id=PURESTEAM_MUTATION (Caused by NameResolutionError("<urllib3.connection.HTTPSConnection object at 0xafa2e4e0>: Failed to resolve 'api.affiliatenetwork.com' ([Errno 7] No address associated with hostname)"))
[EMPRESS] 2025-09-14 01:01:22 — Scanning affiliate feeds...
[EMPRESS] 2025-09-14 01:01:22 — Affiliate scan error: HTTPSConnectionPool(host='api.affiliatenetwork.com', port=443): Max retries exceeded with url: /promos?affiliate_id=PURESTEAM_MUTATION (Caused by NameResolutionError("<urllib3.connection.HTTPSConnection object at 0xafa2ef30>: Failed to resolve 'api.affiliatenetwork.com' ([Errno 7] No address associated with hostname)"))
[EMPRESS] 2025-09-14 01:02:36 — Scanning affiliate feeds...
[EMPRESS] 2025-09-14 01:02:36 — Affiliate scan error: HTTPSConnectionPool(host='api.affiliatenetwork.com', port=443): Max retries exceeded with url: /promos?affiliate_id=PURESTEAM_MUTATION (Caused by NameResolutionError("<urllib3.connection.HTTPSConnection object at 0xafa2e708>: Failed to resolve 'api.affiliatenetwork.com' ([Errno 7] No address associated with hostname)"))
[EMPRESS] 2025-09-14 01:03:47 — Scanning affiliate feeds...
[EMPRESS] 2025-09-14 01:03:47 — Affiliate scan error: HTTPSConnectionPool(host='api.affiliatenetwork.com', port=443): Max retries exceeded with url: /promos?affiliate_id=PURESTEAM_MUTATION (Caused by NameResolutionError("<urllib3.connection.HTTPSConnection object at 0xafa417c8>: Failed to resolve 'api.affiliatenetwork.com' ([Errno 7] No address associated with hostname)"))
[EMPRESS] 2025-09-14 01:05:03 — Scanning affiliate feeds...
[EMPRESS] 2025-09-14 01:05:03 — Affiliate scan error: HTTPSConnectionPool(host='api.affiliatenetwork.com', port=443): Max retries exceeded with url: /promos?affiliate_id=PURESTEAM_MUTATION (Caused by NameResolutionError("<urllib3.connection.HTTPSConnection object at 0xafa2e1e0>: Failed to resolve 'api.affiliatenetwork.com' ([Errno 7] No address associated with hostname)"))
[EMPRESS] 2025-09-14 01:06:13 — Scanning affiliate feeds...
[EMPRESS] 2025-09-14 01:06:13 — Affiliate scan error: HTTPSConnectionPool(host='api.affiliatenetwork.com', port=443): Max retries exceeded with url: /promos?affiliate_id=PURESTEAM_MUTATION (Caused by NameResolutionError("<urllib3.connection.HTTPSConnection object at 0xafa2e120>: Failed to resolve 'api.affiliatenetwork.com' ([Errno 7] No address associated with hostname)"))
[EMPRESS] 2025-09-14 01:07:28 — Scanning affiliate feeds...
[EMPRESS] 2025-09-14 01:07:28 — Affiliate scan error: HTTPSConnectionPool(host='api.affiliatenetwork.com', port=443): Max retries exceeded with url: /promos?affiliate_id=PURESTEAM_MUTATION (Caused by NameResolutionError("<urllib3.connection.HTTPSConnection object at 0xafa41b70>: Failed to resolve 'api.affiliatenetwork.com' ([Errno 7] No address associated with hostname)"))
[EMPRESS] 2025-09-14 01:08:41 — Scanning affiliate feeds...
[EMPRESS] 2025-09-14 01:08:41 — Affiliate scan error: HTTPSConnectionPool(host='api.affiliatenetwork.com', port=443): Max retries exceeded with url: /promos?affiliate_id=PURESTEAM_MUTATION (Caused by NameResolutionError("<urllib3.connection.HTTPSConnection object at 0xafa2e540>: Failed to resolve 'api.affiliatenetwork.com' ([Errno 7] No address associated with hostname)"))
[EMPRESS] 2025-09-14 01:09:59 — Scanning affiliate feeds...
[EMPRESS] 2025-09-14 01:09:59 — Affiliate scan error: HTTPSConnectionPool(host='api.affiliatenetwork.com', port=443): Max retries exceeded with url: /promos?affiliate_id=PURESTEAM_MUTATION (Caused by NameResolutionError("<urllib3.connection.HTTPSConnection object at 0xafa2e618>: Failed to resolve 'api.affiliatenetwork.com' ([Errno 7] No address associated with hostname)"))
[EMPRESS] 2025-09-14 01:11:10 — Scanning affiliate feeds...
[EMPRESS] 2025-09-14 01:11:10 — Affiliate scan error: HTTPSConnectionPool(host='api.affiliatenetwork.com', port=443): Max retries exceeded with url: /promos?affiliate_id=PURESTEAM_MUTATION (Caused by NameResolutionError("<urllib3.connection.HTTPSConnection object at 0xafa41b70>: Failed to resolve 'api.affiliatenetwork.com' ([Errno 7] No address associated with hostname)"))
[EMPRESS] 2025-09-14 01:12:24 — Scanning affiliate feeds...
[EMPRESS] 2025-09-14 01:12:24 — Affiliate scan error: HTTPSConnectionPool(host='api.affiliatenetwork.com', port=443): Max retries exceeded with url: /promos?affiliate_id=PURESTEAM_MUTATION (Caused by NameResolutionError("<urllib3.connection.HTTPSConnection object at 0xafa2eb70>: Failed to resolve 'api.affiliatenetwork.com' ([Errno 7] No address associated with hostname)"))
[EMPRESS] 2025-09-14 01:13:37 — Scanning affiliate feeds...
[EMPRESS] 2025-09-14 01:13:37 — Affiliate scan error: HTTPSConnectionPool(host='api.affiliatenetwork.com', port=443): Max retries exceeded with url: /promos?affiliate_id=PURESTEAM_MUTATION (Caused by NameResolutionError("<urllib3.connection.HTTPSConnection object at 0xafa2ef48>: Failed to resolve 'api.affiliatenetwork.com' ([Errno 7] No address associated with hostname)"))
[EMPRESS] 2025-09-14 01:14:52 — Scanning affiliate feeds...
[EMPRESS] 2025-09-14 01:14:52 — Affiliate scan error: HTTPSConnectionPool(host='api.affiliatenetwork.com', port=443): Max retries exceeded with url: /promos?affiliate_id=PURESTEAM_MUTATION (Caused by NameResolutionError("<urllib3.connection.HTTPSConnection object at 0xafa419c0>: Failed to resolve 'api.affiliatenetwork.com' ([Errno 7] No address associated with hostname)"))
[EMPRESS] 2025-09-14 01:16:22 — Scanning affiliate feeds...
[EMPRESS] 2025-09-14 01:16:23 — Affiliate scan failed: 404
[EMPRESS] 2025-09-14 01:17:35 — Scanning affiliate feeds...
[EMPRESS] 2025-09-14 01:17:36 — Affiliate scan failed: 404
[EMPRESS] 2025-09-14 01:18:44 — Scanning affiliate feeds...
[EMPRESS] 2025-09-14 01:18:45 — Affiliate scan failed: 404
[EMPRESS] 2025-09-14 01:19:52 — Scanning affiliate feeds...
[EMPRESS] 2025-09-14 01:19:54 — Affiliate scan failed: 404
[EMPRESS] 2025-09-14 01:21:01 — Scanning affiliate feeds...
[EMPRESS] 2025-09-14 01:21:18 — Affiliate scan failed: 404
[EMPRESS] 2025-09-14 01:22:30 — Scanning affiliate feeds...
[EMPRESS] 2025-09-14 01:22:31 — Affiliate scan failed: 404
[EMPRESS] 2025-09-14 01:23:38 — Scanning affiliate feeds...
[EMPRESS] 2025-09-14 01:23:38 — Affiliate scan failed: 404
[EMPRESS] 2025-09-14 01:24:44 — Scanning affiliate feeds...
[EMPRESS] 2025-09-14 01:24:45 — Affiliate scan failed: 404
[EMPRESS] 2025-09-14 01:25:54 — Scanning affiliate feeds...
[EMPRESS] 2025-09-14 01:25:54 — Affiliate scan failed: 404
[EMPRESS] 2025-09-14 01:27:01 — Scanning affiliate feeds...
[EMPRESS] 2025-09-14 01:27:01 — Affiliate scan failed: 404
[EMPRESS] 2025-09-14 01:28:07 — Scanning affiliate feeds...
[EMPRESS] 2025-09-14 01:28:08 — Affiliate scan failed: 404
[EMPRESS] 2025-09-14 01:29:18 — Scanning affiliate feeds...
[EMPRESS] 2025-09-14 01:29:26 — Affiliate scan failed: 404
[EMPRESS] 2025-09-14 01:31:14 — Scanning affiliate feeds...
[EMPRESS] 2025-09-14 01:31:29 — Affiliate scan failed: 404
[EMPRESS] 2025-09-14 01:32:36 — Scanning affiliate feeds...
[EMPRESS] 2025-09-14 01:33:13 — Affiliate scan error: HTTPSConnectionPool(host='api.affiliatenetwork.com', port=443): Max retries exceeded with url: /promos?affiliate_id=PURESTEAM_MUTATION (Caused by SSLError(SSLEOFError(8, '[SSL: UNEXPECTED_EOF_WHILE_READING] EOF occurred in violation of protocol (_ssl.c:1010)')))
[EMPRESS] 2025-09-14 01:34:22 — Scanning affiliate feeds...
[EMPRESS] 2025-09-14 01:34:38 — Affiliate scan failed: 404
[EMPRESS] 2025-09-14 01:35:45 — Scanning affiliate feeds...
[EMPRESS] 2025-09-14 01:35:45 — Affiliate scan failed: 404
[EMPRESS] 2025-09-14 01:36:52 — Scanning affiliate feeds...
[EMPRESS] 2025-09-14 01:36:52 — Affiliate scan failed: 404
[EMPRESS] 2025-09-14 01:37:59 — Scanning affiliate feeds...
[EMPRESS] 2025-09-14 01:37:59 — Affiliate scan failed: 404
[EMPRESS] 2025-09-14 01:39:06 — Scanning affiliate feeds...
[EMPRESS] 2025-09-14 01:39:06 — Affiliate scan failed: 404
[EMPRESS] 2025-09-14 01:40:13 — Scanning affiliate feeds...
[EMPRESS] 2025-09-14 01:40:28 — Affiliate scan failed: 404
[EMPRESS] 2025-09-14 01:41:35 — Scanning affiliate feeds...
[EMPRESS] 2025-09-14 01:41:35 — Affiliate scan failed: 404
[EMPRESS] 2025-09-14 01:42:43 — Scanning affiliate feeds...
[EMPRESS] 2025-09-14 01:42:44 — Affiliate scan failed: 404
[EMPRESS] 2025-09-14 01:43:50 — Scanning affiliate feeds...
[EMPRESS] 2025-09-14 01:43:51 — Affiliate scan failed: 404
[EMPRESS] 2025-09-14 01:44:58 — Scanning affiliate feeds...
[EMPRESS] 2025-09-14 01:45:00 — Affiliate scan failed: 404
[EMPRESS] 2025-09-14 01:46:07 — Scanning affiliate feeds...
[EMPRESS] 2025-09-14 01:46:08 — Affiliate scan failed: 404
[EMPRESS] 2025-09-14 01:47:41 — Scanning affiliate feeds...
[EMPRESS] 2025-09-14 01:47:44 — Affiliate scan failed: 404
[EMPRESS] 2025-09-14 01:49:21 — Scanning affiliate feeds...
[EMPRESS] 2025-09-14 01:49:22 — Affiliate scan failed: 404
[EMPRESS] 2025-09-14 01:51:23 — Scanning affiliate feeds...
[EMPRESS] 2025-09-14 01:51:25 — Affiliate scan failed: 404
[EMPRESS] 2025-09-14 01:52:32 — Scanning affiliate feeds...
[EMPRESS] 2025-09-14 01:52:37 — Affiliate scan failed: 404
[EMPRESS] 2025-09-14 01:53:44 — Scanning affiliate feeds...
[EMPRESS] 2025-09-14 01:53:44 — Affiliate scan failed: 404
[EMPRESS] 2025-09-14 01:54:53 — Scanning affiliate feeds...
[EMPRESS] 2025-09-14 01:54:54 — Affiliate scan failed: 404
[EMPRESS] 2025-09-14 01:56:02 — Scanning affiliate feeds...
[EMPRESS] 2025-09-14 01:56:03 — Affiliate scan failed: 404
[EMPRESS] 2025-09-14 01:57:10 — Scanning affiliate feeds...
[EMPRESS] 2025-09-14 01:57:12 — Affiliate scan failed: 404
[EMPRESS] 2025-09-14 01:58:21 — Scanning affiliate feeds...
[EMPRESS] 2025-09-14 01:58:31 — Affiliate scan failed: 404
[EMPRESS] 2025-09-14 01:59:38 — Scanning affiliate feeds...
[EMPRESS] 2025-09-14 01:59:38 — Affiliate scan failed: 404
[EMPRESS] 2025-09-14 01:59:45 — Scanning affiliate feeds...
[EMPRESS] 2025-09-14 01:59:46 — Affiliate scan failed: 404
[EMPRESS] 2025-09-14 02:00:52 — Scanning affiliate feeds...
[EMPRESS] 2025-09-14 02:01:23 — Affiliate scan error: HTTPSConnectionPool(host='api.affiliatenetwork.com', port=443): Max retries exceeded with url: /promos?affiliate_id=PURESTEAM_MUTATION (Caused by SSLError(SSLEOFError(8, '[SSL: UNEXPECTED_EOF_WHILE_READING] EOF occurred in violation of protocol (_ssl.c:1010)')))
[EMPRESS] 2025-09-14 02:03:00 — Scanning affiliate feeds...
[EMPRESS] 2025-09-14 02:03:01 — Affiliate scan failed: 404
[EMPRESS] 2025-09-14 02:04:11 — Scanning affiliate feeds...
[EMPRESS] 2025-09-14 02:04:12 — Affiliate scan failed: 404
[EMPRESS] 2025-09-14 02:05:20 — Scanning affiliate feeds...
[EMPRESS] 2025-09-14 02:05:22 — Affiliate scan failed: 404
[EMPRESS] 2025-09-14 02:09:15 — Scanning affiliate feeds...
[EMPRESS] 2025-09-14 02:09:22 — Affiliate scan failed: 404
[EMPRESS] 2025-09-14 02:10:29 — Scanning affiliate feeds...
[EMPRESS] 2025-09-14 02:10:30 — Affiliate scan failed: 404
[EMPRESS] 2025-09-14 02:11:37 — Scanning affiliate feeds...
[EMPRESS] 2025-09-14 02:11:37 — Affiliate scan failed: 404
[EMPRESS] 2025-09-14 02:12:44 — Scanning affiliate feeds...
[EMPRESS] 2025-09-14 02:12:44 — Affiliate scan failed: 404
[EMPRESS] 2025-09-14 02:13:51 — Scanning affiliate feeds...
[EMPRESS] 2025-09-14 02:13:52 — Affiliate scan failed: 404
[EMPRESS] 2025-09-14 02:14:59 — Scanning affiliate feeds...
[EMPRESS] 2025-09-14 02:15:07 — Affiliate scan failed: 404
[EMPRESS] 2025-09-14 02:16:59 — Scanning affiliate feeds...
[EMPRESS] 2025-09-14 02:17:00 — Affiliate scan failed: 404
[EMPRESS] 2025-09-14 02:18:57 — Scanning affiliate feeds...
[EMPRESS] 2025-09-14 02:19:12 — Affiliate scan failed: 404
[EMPRESS] 2025-09-14 02:20:29 — Scanning affiliate feeds...
[EMPRESS] 2025-09-14 02:20:38 — Affiliate scan failed: 404
[EMPRESS] 2025-09-14 02:21:45 — Scanning affiliate feeds...
[EMPRESS] 2025-09-14 02:21:45 — Affiliate scan failed: 404
[EMPRESS] 2025-09-14 02:22:53 — Scanning affiliate feeds...
[EMPRESS] 2025-09-14 02:22:54 — Affiliate scan failed: 429
[EMPRESS] 2025-09-14 02:24:00 — Scanning affiliate feeds...
[EMPRESS] 2025-09-14 02:24:00 — Affiliate scan failed: 404
[EMPRESS] 2025-09-14 02:25:07 — Scanning affiliate feeds...
[EMPRESS] 2025-09-14 02:25:08 — Affiliate scan failed: 429
[EMPRESS] 2025-09-14 02:26:14 — Scanning affiliate feeds...
[EMPRESS] 2025-09-14 02:26:15 — Affiliate scan failed: 429
[EMPRESS] 2025-09-14 02:27:21 — Scanning affiliate feeds...
[EMPRESS] 2025-09-14 02:27:22 — Affiliate scan failed: 404
[EMPRESS] 2025-09-14 02:28:28 — Scanning affiliate feeds...
[EMPRESS] 2025-09-14 02:29:21 — Affiliate scan error: HTTPSConnectionPool(host='api.affiliatenetwork.com', port=443): Max retries exceeded with url: /promos?affiliate_id=PURESTEAM_MUTATION (Caused by SSLError(SSLEOFError(8, '[SSL: UNEXPECTED_EOF_WHILE_READING] EOF occurred in violation of protocol (_ssl.c:1010)')))
[EMPRESS] 2025-09-14 02:31:32 — Scanning affiliate feeds...
[EMPRESS] 2025-09-14 02:31:32 — Affiliate scan failed: 404
[EMPRESS] 2025-09-14 02:32:42 — Scanning affiliate feeds...
[EMPRESS] 2025-09-14 02:32:42 — Affiliate scan failed: 404
[EMPRESS] 2025-09-14 02:34:11 — Scanning affiliate feeds...
[EMPRESS] 2025-09-14 02:34:11 — Affiliate scan failed: 404
[EMPRESS] 2025-09-14 02:35:18 — Scanning affiliate feeds...
[EMPRESS] 2025-09-14 02:35:18 — Affiliate scan failed: 404
[EMPRESS] 2025-09-14 02:36:27 — Scanning affiliate feeds...
[EMPRESS] 2025-09-14 02:36:28 — Affiliate scan failed: 404
[EMPRESS] 2025-09-14 02:37:35 — Scanning affiliate feeds...
[EMPRESS] 2025-09-14 02:37:35 — Affiliate scan failed: 404
[EMPRESS] 2025-09-14 02:38:43 — Scanning affiliate feeds...
[EMPRESS] 2025-09-14 02:38:44 — Affiliate scan failed: 404
[EMPRESS] 2025-09-14 02:40:00 — Scanning affiliate feeds...
[EMPRESS] 2025-09-14 02:40:05 — Affiliate scan failed: 404
[EMPRESS] 2025-09-14 02:41:14 — Scanning affiliate feeds...
[EMPRESS] 2025-09-14 02:41:15 — Affiliate scan failed: 404
[EMPRESS] 2025-09-14 02:42:27 — Scanning affiliate feeds...
[EMPRESS] 2025-09-14 02:42:28 — Affiliate scan failed: 404
[EMPRESS] 2025-09-14 02:43:37 — Scanning affiliate feeds...
[EMPRESS] 2025-09-14 02:43:40 — Affiliate scan failed: 404
[EMPRESS] 2025-09-14 02:44:46 — Scanning affiliate feeds...
[EMPRESS] 2025-09-14 02:44:47 — Affiliate scan failed: 404
[EMPRESS] 2025-09-14 02:45:56 — Scanning affiliate feeds...
[EMPRESS] 2025-09-14 02:45:56 — Affiliate scan failed: 404
[EMPRESS] 2025-09-14 02:47:05 — Scanning affiliate feeds...
[EMPRESS] 2025-09-14 02:47:06 — Affiliate scan failed: 404
[EMPRESS] 2025-09-14 02:48:15 — Scanning affiliate feeds...
[EMPRESS] 2025-09-14 02:48:15 — Affiliate scan failed: 404
[EMPRESS] 2025-09-14 02:49:25 — Scanning affiliate feeds...
[EMPRESS] 2025-09-14 02:49:26 — Affiliate scan failed: 404
[EMPRESS] 2025-09-14 02:50:36 — Scanning affiliate feeds...
[EMPRESS] 2025-09-14 02:50:37 — Affiliate scan failed: 404
[EMPRESS] 2025-09-14 02:51:47 — Scanning affiliate feeds...
[EMPRESS] 2025-09-14 02:51:47 — Affiliate scan failed: 404
[EMPRESS] 2025-09-14 02:52:55 — Scanning affiliate feeds...
[EMPRESS] 2025-09-14 02:52:55 — Affiliate scan failed: 404
[EMPRESS] 2025-09-14 02:54:02 — Scanning affiliate feeds...
[EMPRESS] 2025-09-14 02:54:03 — Affiliate scan failed: 404
[EMPRESS] 2025-09-14 02:55:09 — Scanning affiliate feeds...
[EMPRESS] 2025-09-14 02:55:11 — Affiliate scan failed: 404
[EMPRESS] 2025-09-14 02:56:28 — Scanning affiliate feeds...
[EMPRESS] 2025-09-14 02:56:30 — Affiliate scan failed: 404
[EMPRESS] 2025-09-14 02:57:47 — Scanning affiliate feeds...
[EMPRESS] 2025-09-14 02:57:48 — Affiliate scan failed: 404
[EMPRESS] 2025-09-14 02:58:54 — Scanning affiliate feeds...
[EMPRESS] 2025-09-14 02:58:56 — Affiliate scan failed: 404
[EMPRESS] 2025-09-14 03:00:09 — Scanning affiliate feeds...
[EMPRESS] 2025-09-14 03:00:09 — Affiliate scan failed: 404
[EMPRESS] 2025-09-14 03:01:16 — Scanning affiliate feeds...
[EMPRESS] 2025-09-14 03:01:17 — Affiliate scan failed: 404
[EMPRESS] 2025-09-14 03:02:23 — Scanning affiliate feeds...
[EMPRESS] 2025-09-14 03:02:24 — Affiliate scan failed: 404
[EMPRESS] 2025-09-14 03:03:30 — Scanning affiliate feeds...
[EMPRESS] 2025-09-14 03:03:32 — Affiliate scan failed: 404
[EMPRESS] 2025-09-14 03:04:54 — Scanning affiliate feeds...
[EMPRESS] 2025-09-14 03:04:55 — Affiliate scan failed: 404
[EMPRESS] 2025-09-14 03:06:02 — Scanning affiliate feeds...
[EMPRESS] 2025-09-14 03:06:03 — Affiliate scan failed: 404
[EMPRESS] 2025-09-14 03:07:10 — Scanning affiliate feeds...
[EMPRESS] 2025-09-14 03:07:10 — Affiliate scan failed: 404
[EMPRESS] 2025-09-14 03:08:17 — Scanning affiliate feeds...
[EMPRESS] 2025-09-14 03:08:17 — Affiliate scan failed: 404
[EMPRESS] 2025-09-14 03:09:24 — Scanning affiliate feeds...
[EMPRESS] 2025-09-14 03:09:24 — Affiliate scan failed: 404
[EMPRESS] 2025-09-14 03:10:31 — Scanning affiliate feeds...
[EMPRESS] 2025-09-14 03:10:32 — Affiliate scan failed: 404
[EMPRESS] 2025-09-14 03:11:38 — Scanning affiliate feeds...
[EMPRESS] 2025-09-14 03:11:39 — Affiliate scan failed: 404
[EMPRESS] 2025-09-14 03:12:45 — Scanning affiliate feeds...
[EMPRESS] 2025-09-14 03:12:51 — Affiliate scan failed: 404
[EMPRESS] 2025-09-14 03:13:58 — Scanning affiliate feeds...
[EMPRESS] 2025-09-14 03:14:00 — Affiliate scan failed: 404
[EMPRESS] 2025-09-14 03:15:07 — Scanning affiliate feeds...
[EMPRESS] 2025-09-14 03:15:08 — Affiliate scan failed: 404
[EMPRESS] 2025-09-14 03:16:15 — Scanning affiliate feeds...
[EMPRESS] 2025-09-14 03:16:16 — Affiliate scan failed: 404
