[EMPRESS] Mutation executed at Fri Sep 12 14:16:36 EDT 2025
[EMPRESS] 2025-09-13 19:47:20 — Unified mutation initiated.
[EMPRESS] 2025-09-13 19:49:38 — Unified mutation initiated.
[EMPRESS] 2025-09-13 19:58:02 — EMPRESS unified soldier deployed. Awaiting mutation cycles...
[EMPRESS] 2025-09-13 19:58:02 — Missed cycle detected. Rerouting mutation...
[EMPRESS] 2025-09-13 19:58:02 — Unified mutation initiated.
[EMPRESS] 2025-09-13 19:58:09 — Logs synced to GitHub and S3.
[EMPRESS] 2025-09-13 19:58:09 — Unified mutation completed.
[EMPRESS] 2025-09-13 19:59:09 — Missed cycle detected. Rerouting mutation...
[EMPRESS] 2025-09-13 19:59:09 — Unified mutation initiated.
[EMPRESS] 2025-09-13 19:59:16 — Logs synced to GitHub and S3.
[EMPRESS] 2025-09-13 19:59:16 — Unified mutation completed.
[EMPRESS] 2025-09-13 20:00:16 — Missed cycle detected. Rerouting mutation...
[EMPRESS] 2025-09-13 20:00:16 — Unified mutation initiated.
[EMPRESS] 2025-09-13 20:00:23 — Logs synced to GitHub and S3.
[EMPRESS] 2025-09-13 20:00:23 — Unified mutation completed.
[EMPRESS] 2025-09-13 20:01:23 — Missed cycle detected. Rerouting mutation...
[EMPRESS] 2025-09-13 20:01:23 — Unified mutation initiated.
[EMPRESS] 2025-09-13 20:01:30 — Logs synced to GitHub and S3.
[EMPRESS] 2025-09-13 20:01:30 — Unified mutation completed.
[EMPRESS] 2025-09-13 20:02:30 — Missed cycle detected. Rerouting mutation...
[EMPRESS] 2025-09-13 20:02:30 — Unified mutation initiated.
[EMPRESS] 2025-09-13 20:02:39 — Logs synced to GitHub and S3.
[EMPRESS] 2025-09-13 20:02:39 — Unified mutation completed.
[EMPRESS] 2025-09-13 20:03:39 — Missed cycle detected. Rerouting mutation...
[EMPRESS] 2025-09-13 20:03:39 — Unified mutation initiated.
